[30-Mar-2025 18:07:30 UTC] PHP Warning:  require(/var/www/html/src/public/../views/index.php): Failed to open stream: No such file or directory in /var/www/html/src/public/index.php on line 9
[30-Mar-2025 18:07:30 UTC] PHP Fatal error:  Uncaught Error: Failed opening required '/var/www/html/src/public/../views/index.php' (include_path='.:/usr/local/lib/php') in /var/www/html/src/public/index.php:9
Stack trace:
#0 [internal function]: {closure}()
#1 /var/www/html/vendor/steampixel/simple-php-router/src/Steampixel/Route.php(103): call_user_func_array(Object(Closure), Array)
#2 /var/www/html/src/public/index.php(13): Steampixel\Route::run('')
#3 {main}
  thrown in /var/www/html/src/public/index.php on line 9
[30-Mar-2025 18:08:33 UTC] PHP Warning:  require(/var/www/html/src/public/../../views/index.php): Failed to open stream: No such file or directory in /var/www/html/src/public/index.php on line 9
[30-Mar-2025 18:08:33 UTC] PHP Fatal error:  Uncaught Error: Failed opening required '/var/www/html/src/public/../../views/index.php' (include_path='.:/usr/local/lib/php') in /var/www/html/src/public/index.php:9
Stack trace:
#0 [internal function]: {closure}()
#1 /var/www/html/vendor/steampixel/simple-php-router/src/Steampixel/Route.php(103): call_user_func_array(Object(Closure), Array)
#2 /var/www/html/src/public/index.php(13): Steampixel\Route::run('')
#3 {main}
  thrown in /var/www/html/src/public/index.php on line 9
[30-Mar-2025 18:08:39 UTC] PHP Warning:  require(/var/www/html/src/public../../../views/index.php): Failed to open stream: No such file or directory in /var/www/html/src/public/index.php on line 9
[30-Mar-2025 18:08:39 UTC] PHP Fatal error:  Uncaught Error: Failed opening required '/var/www/html/src/public../../../views/index.php' (include_path='.:/usr/local/lib/php') in /var/www/html/src/public/index.php:9
Stack trace:
#0 [internal function]: {closure}()
#1 /var/www/html/vendor/steampixel/simple-php-router/src/Steampixel/Route.php(103): call_user_func_array(Object(Closure), Array)
#2 /var/www/html/src/public/index.php(13): Steampixel\Route::run('')
#3 {main}
  thrown in /var/www/html/src/public/index.php on line 9
[30-Mar-2025 18:08:49 UTC] PHP Warning:  require(/var/www/html/src/public../views/index.php): Failed to open stream: No such file or directory in /var/www/html/src/public/index.php on line 9
[30-Mar-2025 18:08:49 UTC] PHP Fatal error:  Uncaught Error: Failed opening required '/var/www/html/src/public../views/index.php' (include_path='.:/usr/local/lib/php') in /var/www/html/src/public/index.php:9
Stack trace:
#0 [internal function]: {closure}()
#1 /var/www/html/vendor/steampixel/simple-php-router/src/Steampixel/Route.php(103): call_user_func_array(Object(Closure), Array)
#2 /var/www/html/src/public/index.php(13): Steampixel\Route::run('')
#3 {main}
  thrown in /var/www/html/src/public/index.php on line 9
[30-Mar-2025 18:08:58 UTC] PHP Warning:  require(/var/www/html/src/public/../../views/index.php): Failed to open stream: No such file or directory in /var/www/html/src/public/index.php on line 9
[30-Mar-2025 18:08:58 UTC] PHP Fatal error:  Uncaught Error: Failed opening required '/var/www/html/src/public/../../views/index.php' (include_path='.:/usr/local/lib/php') in /var/www/html/src/public/index.php:9
Stack trace:
#0 [internal function]: {closure}()
#1 /var/www/html/vendor/steampixel/simple-php-router/src/Steampixel/Route.php(103): call_user_func_array(Object(Closure), Array)
#2 /var/www/html/src/public/index.php(13): Steampixel\Route::run('')
#3 {main}
  thrown in /var/www/html/src/public/index.php on line 9
[30-Mar-2025 18:09:20 UTC] PHP Fatal error:  Uncaught Error: Class "App\Lib\User" not found in /var/www/html/src/Views/index.php:4
Stack trace:
#0 /var/www/html/src/public/index.php(9): require()
#1 [internal function]: {closure}()
#2 /var/www/html/vendor/steampixel/simple-php-router/src/Steampixel/Route.php(103): call_user_func_array(Object(Closure), Array)
#3 /var/www/html/src/public/index.php(13): Steampixel\Route::run('')
#4 {main}
  thrown in /var/www/html/src/Views/index.php on line 4
[30-Mar-2025 18:12:55 UTC] PHP Fatal error:  Uncaught Error: Class "App\Lib\User" not found in /var/www/html/src/Views/index.php:7
Stack trace:
#0 /var/www/html/src/public/index.php(9): require()
#1 [internal function]: {closure}()
#2 /var/www/html/vendor/steampixel/simple-php-router/src/Steampixel/Route.php(103): call_user_func_array(Object(Closure), Array)
#3 /var/www/html/src/public/index.php(13): Steampixel\Route::run('')
#4 {main}
  thrown in /var/www/html/src/Views/index.php on line 7
[30-Mar-2025 18:12:56 UTC] PHP Fatal error:  Uncaught Error: Class "App\Lib\User" not found in /var/www/html/src/Views/index.php:7
Stack trace:
#0 /var/www/html/src/public/index.php(9): require()
#1 [internal function]: {closure}()
#2 /var/www/html/vendor/steampixel/simple-php-router/src/Steampixel/Route.php(103): call_user_func_array(Object(Closure), Array)
#3 /var/www/html/src/public/index.php(13): Steampixel\Route::run('')
#4 {main}
  thrown in /var/www/html/src/Views/index.php on line 7
[30-Mar-2025 18:12:57 UTC] PHP Fatal error:  Uncaught Error: Class "App\Lib\User" not found in /var/www/html/src/Views/index.php:7
Stack trace:
#0 /var/www/html/src/public/index.php(9): require()
#1 [internal function]: {closure}()
#2 /var/www/html/vendor/steampixel/simple-php-router/src/Steampixel/Route.php(103): call_user_func_array(Object(Closure), Array)
#3 /var/www/html/src/public/index.php(13): Steampixel\Route::run('')
#4 {main}
  thrown in /var/www/html/src/Views/index.php on line 7
[30-Mar-2025 18:13:43 UTC] PHP Fatal error:  Uncaught Error: Class "App\Lib\User" not found in /var/www/html/src/Views/index.php:7
Stack trace:
#0 /var/www/html/src/public/index.php(9): require()
#1 [internal function]: {closure}()
#2 /var/www/html/vendor/steampixel/simple-php-router/src/Steampixel/Route.php(103): call_user_func_array(Object(Closure), Array)
#3 /var/www/html/src/public/index.php(13): Steampixel\Route::run('')
#4 {main}
  thrown in /var/www/html/src/Views/index.php on line 7
[30-Mar-2025 18:16:04 UTC] PHP Fatal error:  Uncaught Error: Class "App\Lib\User" not found in /var/www/html/src/Views/index.php:7
Stack trace:
#0 /var/www/html/src/public/index.php(9): require()
#1 [internal function]: {closure}()
#2 /var/www/html/vendor/steampixel/simple-php-router/src/Steampixel/Route.php(103): call_user_func_array(Object(Closure), Array)
#3 /var/www/html/src/public/index.php(13): Steampixel\Route::run('')
#4 {main}
  thrown in /var/www/html/src/Views/index.php on line 7
[30-Mar-2025 18:32:09 UTC] PHP Fatal error:  Uncaught Error: Class "App\Lib\User" not found in /var/www/html/src/Views/index.php:4
Stack trace:
#0 /var/www/html/src/public/index.php(9): require()
#1 [internal function]: {closure}()
#2 /var/www/html/vendor/steampixel/simple-php-router/src/Steampixel/Route.php(103): call_user_func_array(Object(Closure), Array)
#3 /var/www/html/src/public/index.php(13): Steampixel\Route::run('')
#4 {main}
  thrown in /var/www/html/src/Views/index.php on line 4
[30-Mar-2025 18:32:22 UTC] PHP Fatal error:  Uncaught Error: Class "App\Lib\User" not found in /var/www/html/src/Views/index.php:4
Stack trace:
#0 /var/www/html/src/public/index.php(9): require()
#1 [internal function]: {closure}()
#2 /var/www/html/vendor/steampixel/simple-php-router/src/Steampixel/Route.php(103): call_user_func_array(Object(Closure), Array)
#3 /var/www/html/src/public/index.php(13): Steampixel\Route::run('')
#4 {main}
  thrown in /var/www/html/src/Views/index.php on line 4
[30-Mar-2025 18:33:26 UTC] PHP Fatal error:  Uncaught Error: Class "App\Lib\User" not found in /var/www/html/src/Views/index.php:4
Stack trace:
#0 /var/www/html/src/public/index.php(9): require()
#1 [internal function]: {closure}()
#2 /var/www/html/vendor/steampixel/simple-php-router/src/Steampixel/Route.php(103): call_user_func_array(Object(Closure), Array)
#3 /var/www/html/src/public/index.php(13): Steampixel\Route::run('')
#4 {main}
  thrown in /var/www/html/src/Views/index.php on line 4
[30-Mar-2025 18:33:52 UTC] PHP Fatal error:  Uncaught Error: Class "App\Lib\User" not found in /var/www/html/src/Views/index.php:7
Stack trace:
#0 /var/www/html/src/public/index.php(9): require()
#1 [internal function]: {closure}()
#2 /var/www/html/vendor/steampixel/simple-php-router/src/Steampixel/Route.php(103): call_user_func_array(Object(Closure), Array)
#3 /var/www/html/src/public/index.php(13): Steampixel\Route::run('')
#4 {main}
  thrown in /var/www/html/src/Views/index.php on line 7
[30-Mar-2025 18:34:57 UTC] PHP Fatal error:  Uncaught Error: Class "App\Lib\User" not found in /var/www/html/src/Views/index.php:9
Stack trace:
#0 /var/www/html/src/public/index.php(9): require()
#1 [internal function]: {closure}()
#2 /var/www/html/vendor/steampixel/simple-php-router/src/Steampixel/Route.php(103): call_user_func_array(Object(Closure), Array)
#3 /var/www/html/src/public/index.php(13): Steampixel\Route::run('')
#4 {main}
  thrown in /var/www/html/src/Views/index.php on line 9
[30-Mar-2025 18:36:00 UTC] PHP Fatal error:  Uncaught Error: Class "App\Lib\User" not found in /var/www/html/src/Views/index.php:9
Stack trace:
#0 /var/www/html/src/public/index.php(9): require()
#1 [internal function]: {closure}()
#2 /var/www/html/vendor/steampixel/simple-php-router/src/Steampixel/Route.php(103): call_user_func_array(Object(Closure), Array)
#3 /var/www/html/src/public/index.php(13): Steampixel\Route::run('')
#4 {main}
  thrown in /var/www/html/src/Views/index.php on line 9
[30-Mar-2025 18:38:18 UTC] PHP Fatal error:  Uncaught Error: Class "App\Lib\Database" not found in /var/www/html/src/Lib/User.php:9
Stack trace:
#0 /var/www/html/src/Views/index.php(10): App\Lib\User->getUserById(1)
#1 /var/www/html/src/public/index.php(9): require('/var/www/html/s...')
#2 [internal function]: {closure}()
#3 /var/www/html/vendor/steampixel/simple-php-router/src/Steampixel/Route.php(103): call_user_func_array(Object(Closure), Array)
#4 /var/www/html/src/public/index.php(13): Steampixel\Route::run('')
#5 {main}
  thrown in /var/www/html/src/Lib/User.php on line 9
[30-Mar-2025 18:39:32 UTC] PHP Fatal error:  Uncaught Error: Class "App\Database\Database" not found in /var/www/html/src/Lib/User.php:9
Stack trace:
#0 /var/www/html/src/Views/index.php(10): App\Lib\User->getUserById(1)
#1 /var/www/html/src/public/index.php(9): require('/var/www/html/s...')
#2 [internal function]: {closure}()
#3 /var/www/html/vendor/steampixel/simple-php-router/src/Steampixel/Route.php(103): call_user_func_array(Object(Closure), Array)
#4 /var/www/html/src/public/index.php(13): Steampixel\Route::run('')
#5 {main}
  thrown in /var/www/html/src/Lib/User.php on line 9
[30-Mar-2025 18:39:33 UTC] PHP Fatal error:  Uncaught Error: Class "App\Database\Database" not found in /var/www/html/src/Lib/User.php:9
Stack trace:
#0 /var/www/html/src/Views/index.php(10): App\Lib\User->getUserById(1)
#1 /var/www/html/src/public/index.php(9): require('/var/www/html/s...')
#2 [internal function]: {closure}()
#3 /var/www/html/vendor/steampixel/simple-php-router/src/Steampixel/Route.php(103): call_user_func_array(Object(Closure), Array)
#4 /var/www/html/src/public/index.php(13): Steampixel\Route::run('')
#5 {main}
  thrown in /var/www/html/src/Lib/User.php on line 9
[30-Mar-2025 18:40:31 UTC] PHP Fatal error:  Uncaught Error: Class "App\Database\Database" not found in /var/www/html/src/Lib/User.php:9
Stack trace:
#0 /var/www/html/src/Views/index.php(10): App\Lib\User->getUserById(1)
#1 /var/www/html/src/public/index.php(9): require('/var/www/html/s...')
#2 [internal function]: {closure}()
#3 /var/www/html/vendor/steampixel/simple-php-router/src/Steampixel/Route.php(103): call_user_func_array(Object(Closure), Array)
#4 /var/www/html/src/public/index.php(13): Steampixel\Route::run('')
#5 {main}
  thrown in /var/www/html/src/Lib/User.php on line 9
[30-Mar-2025 18:41:05 UTC] PHP Fatal error:  Uncaught Error: Class "App\Database\Database" not found in /var/www/html/src/Lib/User.php:9
Stack trace:
#0 /var/www/html/src/Views/index.php(10): App\Lib\User->getUserById(1)
#1 /var/www/html/src/public/index.php(9): require('/var/www/html/s...')
#2 [internal function]: {closure}()
#3 /var/www/html/vendor/steampixel/simple-php-router/src/Steampixel/Route.php(103): call_user_func_array(Object(Closure), Array)
#4 /var/www/html/src/public/index.php(13): Steampixel\Route::run('')
#5 {main}
  thrown in /var/www/html/src/Lib/User.php on line 9
[30-Mar-2025 18:41:06 UTC] PHP Fatal error:  Uncaught Error: Class "App\Database\Database" not found in /var/www/html/src/Lib/User.php:9
Stack trace:
#0 /var/www/html/src/Views/index.php(10): App\Lib\User->getUserById(1)
#1 /var/www/html/src/public/index.php(9): require('/var/www/html/s...')
#2 [internal function]: {closure}()
#3 /var/www/html/vendor/steampixel/simple-php-router/src/Steampixel/Route.php(103): call_user_func_array(Object(Closure), Array)
#4 /var/www/html/src/public/index.php(13): Steampixel\Route::run('')
#5 {main}
  thrown in /var/www/html/src/Lib/User.php on line 9
[30-Mar-2025 18:41:07 UTC] PHP Fatal error:  Uncaught Error: Class "App\Database\Database" not found in /var/www/html/src/Lib/User.php:9
Stack trace:
#0 /var/www/html/src/Views/index.php(10): App\Lib\User->getUserById(1)
#1 /var/www/html/src/public/index.php(9): require('/var/www/html/s...')
#2 [internal function]: {closure}()
#3 /var/www/html/vendor/steampixel/simple-php-router/src/Steampixel/Route.php(103): call_user_func_array(Object(Closure), Array)
#4 /var/www/html/src/public/index.php(13): Steampixel\Route::run('')
#5 {main}
  thrown in /var/www/html/src/Lib/User.php on line 9
[30-Mar-2025 18:41:07 UTC] PHP Fatal error:  Uncaught Error: Class "App\Database\Database" not found in /var/www/html/src/Lib/User.php:9
Stack trace:
#0 /var/www/html/src/Views/index.php(10): App\Lib\User->getUserById(1)
#1 /var/www/html/src/public/index.php(9): require('/var/www/html/s...')
#2 [internal function]: {closure}()
#3 /var/www/html/vendor/steampixel/simple-php-router/src/Steampixel/Route.php(103): call_user_func_array(Object(Closure), Array)
#4 /var/www/html/src/public/index.php(13): Steampixel\Route::run('')
#5 {main}
  thrown in /var/www/html/src/Lib/User.php on line 9
[30-Mar-2025 18:41:07 UTC] PHP Fatal error:  Uncaught Error: Class "App\Database\Database" not found in /var/www/html/src/Lib/User.php:9
Stack trace:
#0 /var/www/html/src/Views/index.php(10): App\Lib\User->getUserById(1)
#1 /var/www/html/src/public/index.php(9): require('/var/www/html/s...')
#2 [internal function]: {closure}()
#3 /var/www/html/vendor/steampixel/simple-php-router/src/Steampixel/Route.php(103): call_user_func_array(Object(Closure), Array)
#4 /var/www/html/src/public/index.php(13): Steampixel\Route::run('')
#5 {main}
  thrown in /var/www/html/src/Lib/User.php on line 9
[30-Mar-2025 18:41:56 UTC] PHP Fatal error:  Uncaught Error: Call to a member function prepare() on null in /var/www/html/src/Lib/User.php:13
Stack trace:
#0 /var/www/html/src/Views/index.php(10): App\Lib\User->getUserById(1)
#1 /var/www/html/src/public/index.php(9): require('/var/www/html/s...')
#2 [internal function]: {closure}()
#3 /var/www/html/vendor/steampixel/simple-php-router/src/Steampixel/Route.php(103): call_user_func_array(Object(Closure), Array)
#4 /var/www/html/src/public/index.php(13): Steampixel\Route::run('')
#5 {main}
  thrown in /var/www/html/src/Lib/User.php on line 13
[30-Mar-2025 18:41:59 UTC] PHP Fatal error:  Uncaught Error: Call to a member function prepare() on null in /var/www/html/src/Lib/User.php:13
Stack trace:
#0 /var/www/html/src/Views/index.php(10): App\Lib\User->getUserById(1)
#1 /var/www/html/src/public/index.php(9): require('/var/www/html/s...')
#2 [internal function]: {closure}()
#3 /var/www/html/vendor/steampixel/simple-php-router/src/Steampixel/Route.php(103): call_user_func_array(Object(Closure), Array)
#4 /var/www/html/src/public/index.php(13): Steampixel\Route::run('')
#5 {main}
  thrown in /var/www/html/src/Lib/User.php on line 13
[30-Mar-2025 18:43:20 UTC] PHP Fatal error:  Uncaught Error: Cannot use object of type App\Lib\User as array in /var/www/html/src/Views/index.php:22
Stack trace:
#0 /var/www/html/src/public/index.php(9): require()
#1 [internal function]: {closure}()
#2 /var/www/html/vendor/steampixel/simple-php-router/src/Steampixel/Route.php(103): call_user_func_array(Object(Closure), Array)
#3 /var/www/html/src/public/index.php(13): Steampixel\Route::run('')
#4 {main}
  thrown in /var/www/html/src/Views/index.php on line 22
[30-Mar-2025 18:43:34 UTC] PHP Fatal error:  Uncaught Error: Cannot use object of type App\Lib\User as array in /var/www/html/src/Views/index.php:17
Stack trace:
#0 /var/www/html/src/public/index.php(9): require()
#1 [internal function]: {closure}()
#2 /var/www/html/vendor/steampixel/simple-php-router/src/Steampixel/Route.php(103): call_user_func_array(Object(Closure), Array)
#3 /var/www/html/src/public/index.php(13): Steampixel\Route::run('')
#4 {main}
  thrown in /var/www/html/src/Views/index.php on line 17
[30-Mar-2025 18:44:07 UTC] PHP Fatal error:  Uncaught Error: Cannot use object of type App\Lib\User as array in /var/www/html/src/Views/index.php:17
Stack trace:
#0 /var/www/html/src/public/index.php(9): require()
#1 [internal function]: {closure}()
#2 /var/www/html/vendor/steampixel/simple-php-router/src/Steampixel/Route.php(103): call_user_func_array(Object(Closure), Array)
#3 /var/www/html/src/public/index.php(13): Steampixel\Route::run('')
#4 {main}
  thrown in /var/www/html/src/Views/index.php on line 17
[30-Mar-2025 18:59:10 UTC] PHP Fatal error:  Uncaught Error: Cannot use object of type App\Lib\User as array in /var/www/html/src/Views/index.php:17
Stack trace:
#0 /var/www/html/src/public/index.php(9): require()
#1 [internal function]: {closure}()
#2 /var/www/html/vendor/steampixel/simple-php-router/src/Steampixel/Route.php(103): call_user_func_array(Object(Closure), Array)
#3 /var/www/html/src/public/index.php(13): Steampixel\Route::run('')
#4 {main}
  thrown in /var/www/html/src/Views/index.php on line 17
[30-Mar-2025 18:59:25 UTC] PHP Fatal error:  Uncaught Error: Cannot use object of type App\Lib\User as array in /var/www/html/src/Views/index.php:17
Stack trace:
#0 /var/www/html/src/public/index.php(9): require()
#1 [internal function]: {closure}()
#2 /var/www/html/vendor/steampixel/simple-php-router/src/Steampixel/Route.php(103): call_user_func_array(Object(Closure), Array)
#3 /var/www/html/src/public/index.php(13): Steampixel\Route::run('')
#4 {main}
  thrown in /var/www/html/src/Views/index.php on line 17
[30-Mar-2025 18:59:30 UTC] PHP Fatal error:  Uncaught Error: Cannot use object of type App\Lib\User as array in /var/www/html/src/Views/index.php:17
Stack trace:
#0 /var/www/html/src/public/index.php(9): require()
#1 [internal function]: {closure}()
#2 /var/www/html/vendor/steampixel/simple-php-router/src/Steampixel/Route.php(103): call_user_func_array(Object(Closure), Array)
#3 /var/www/html/src/public/index.php(13): Steampixel\Route::run('')
#4 {main}
  thrown in /var/www/html/src/Views/index.php on line 17
